#
# There is insufficient memory for the Java Runtime Environment to continue.
# Native memory allocation (mmap) failed to map 134217728 bytes for Failed to commit area from 0x0000000081800000 to 0x0000000089800000 of length 134217728.
# Possible reasons:
#   The system is out of physical RAM or swap space
#   The process is running with CompressedOops enabled, and the Java Heap may be blocking the growth of the native heap
# Possible solutions:
#   Reduce memory load on the system
#   Increase physical memory or swap space
#   Check if swap backing store is full
#   Decrease Java heap size (-Xmx/-Xms)
#   Decrease number of Java threads
#   Decrease Java thread stack sizes (-Xss)
#   Set larger code cache with -XX:ReservedCodeCacheSize=
# This output file may be truncated or incomplete.
#
#  Out of Memory Error (./src/hotspot/os/windows/os_windows.cpp:3521), pid=17736, tid=17760
#
# JRE version:  (11.0.12+7) (build )
# Java VM: OpenJDK 64-Bit Server VM (11.0.12+7-b1504.28-7817840, mixed mode, sharing, tiered, compressed oops, g1 gc, windows-amd64)
# No core dump will be written. Minidumps are not enabled by default on client versions of Windows
#

---------------  S U M M A R Y ------------

Command Line: git4idea.http.GitAskPassApp Username for 'https://github.com': 

Host: Intel(R) Core(TM) i3-3110M CPU @ 2.40GHz, 4 cores, 7G,  Windows 10 , 64 bit Build 19041 (10.0.19041.2251)
Time: Sun Dec  4 06:11:53 2022 West Bank Gaza Standard Time elapsed time: 0.046230 seconds (0d 0h 0m 0s)

---------------  T H R E A D  ---------------

Current thread (0x000001c1f8494000):  JavaThread "Unknown thread" [_thread_in_vm, id=17760, stack(0x0000003134500000,0x0000003134600000)]

Stack: [0x0000003134500000,0x0000003134600000]
Native frames: (J=compiled Java code, j=interpreted, Vv=VM code, C=native code)
V  [jvm.dll+0x5fbcea]
V  [jvm.dll+0x731905]
V  [jvm.dll+0x732f1d]
V  [jvm.dll+0x7335d3]
V  [jvm.dll+0x247bf8]
V  [jvm.dll+0x5f90b4]
V  [jvm.dll+0x5edc85]
V  [jvm.dll+0x305aeb]
V  [jvm.dll+0x305a5a]
V  [jvm.dll+0x305932]
V  [jvm.dll+0x30a896]
V  [jvm.dll+0x353803]
V  [jvm.dll+0x353f06]
V  [jvm.dll+0x353903]
V  [jvm.dll+0x2e0678]
V  [jvm.dll+0x2e1827]
V  [jvm.dll+0x710037]
V  [jvm.dll+0x71182c]
V  [jvm.dll+0x360da9]
V  [jvm.dll+0x6f390e]
V  [jvm.dll+0x3c9723]
V  [jvm.dll+0x3cb9b1]
C  [jli.dll+0x536b]
C  [ucrtbase.dll+0x21bb2]
C  [KERNEL32.DLL+0x174b4]
C  [ntdll.dll+0x526a1]


---------------  P R O C E S S  ---------------

Threads class SMR info:
_java_thread_list=0x000001c1f6303530, length=0, elements={
}

Java Threads: ( => current thread )

Other Threads:
  0x000001c1f84ad000 GCTaskThread "GC Thread#0" [stack: 0x0000003134600000,0x0000003134700000] [id=18068]
  0x000001c1f84dc800 ConcurrentGCThread "G1 Main Marker" [stack: 0x0000003134700000,0x0000003134800000] [id=17612]
  0x000001c1f84de000 ConcurrentGCThread "G1 Conc#0" [stack: 0x0000003134800000,0x0000003134900000] [id=19148]

[error occurred during error reporting (printing all threads), id 0xc0000005, EXCEPTION_ACCESS_VIOLATION (0xc0000005) at pc=0x00007ffe231b0be7]

VM state:not at safepoint (not fully initialized)

VM Mutex/Monitor currently owned by a thread:  ([mutex/lock_event])
[0x000001c1f8490550] Heap_lock - owner thread: 0x000001c1f8494000

Heap address: 0x0000000081800000, size: 2024 MB, Compressed Oops mode: Non-zero based: 0x0000000081800000
Narrow klass base: 0x0000000000000000, Narrow klass shift: 0

GC Heap History (0 events):
No events

Deoptimization events (0 events):
No events

Classes redefined (0 events):
No events

Internal exceptions (0 events):
No events

Events (1 events):
Event: 0.024 Loaded shared library C:\Program Files\Android\Android Studio1\jre\bin\zip.dll


Dynamic libraries:
0x00007ff690e70000 - 0x00007ff690e7a000 	C:\Program Files\Android\Android Studio1\jre\bin\java.exe
0x00007ffe78090000 - 0x00007ffe78288000 	C:\WINDOWS\SYSTEM32\ntdll.dll
0x00007ffe463a0000 - 0x00007ffe463b7000 	C:\Program Files\Avast Software\Avast\aswhook.dll
0x00007ffe76870000 - 0x00007ffe7692f000 	C:\WINDOWS\System32\KERNEL32.DLL
0x00007ffe759b0000 - 0x00007ffe75c82000 	C:\WINDOWS\System32\KERNELBASE.dll
0x00007ffe75c90000 - 0x00007ffe75d90000 	C:\WINDOWS\System32\ucrtbase.dll
0x00007ffe70450000 - 0x00007ffe70469000 	C:\Program Files\Android\Android Studio1\jre\bin\jli.dll
0x00007ffe77b40000 - 0x00007ffe77ce1000 	C:\WINDOWS\System32\USER32.dll
0x00007ffe75820000 - 0x00007ffe75842000 	C:\WINDOWS\System32\win32u.dll
0x00007ffe778d0000 - 0x00007ffe778fb000 	C:\WINDOWS\System32\GDI32.dll
0x00007ffe75e70000 - 0x00007ffe75f7f000 	C:\WINDOWS\System32\gdi32full.dll
0x00007ffe76030000 - 0x00007ffe760cd000 	C:\WINDOWS\System32\msvcp_win.dll
0x00007ffe65050000 - 0x00007ffe65067000 	C:\Program Files\Android\Android Studio1\jre\bin\VCRUNTIME140.dll
0x00007ffe60cd0000 - 0x00007ffe60f6a000 	C:\WINDOWS\WinSxS\amd64_microsoft.windows.common-controls_6595b64144ccf1df_6.0.19041.1110_none_60b5254171f9507e\COMCTL32.dll
0x00007ffe77560000 - 0x00007ffe775fe000 	C:\WINDOWS\System32\msvcrt.dll
0x00007ffe76690000 - 0x00007ffe766c2000 	C:\WINDOWS\System32\IMM32.DLL
0x00007ffe3cb40000 - 0x00007ffe3cbdd000 	C:\Program Files\Android\Android Studio1\jre\bin\msvcp140.dll
0x00007ffe22ec0000 - 0x00007ffe239a5000 	C:\Program Files\Android\Android Studio1\jre\bin\server\jvm.dll
0x00007ffe76bb0000 - 0x00007ffe76c5e000 	C:\WINDOWS\System32\ADVAPI32.dll
0x00007ffe765f0000 - 0x00007ffe7668c000 	C:\WINDOWS\System32\sechost.dll
0x00007ffe773b0000 - 0x00007ffe774d5000 	C:\WINDOWS\System32\RPCRT4.dll
0x00007ffe77920000 - 0x00007ffe77928000 	C:\WINDOWS\System32\PSAPI.DLL
0x00007ffe6a2a0000 - 0x00007ffe6a2a9000 	C:\WINDOWS\SYSTEM32\WSOCK32.dll
0x00007ffe76800000 - 0x00007ffe7686b000 	C:\WINDOWS\System32\WS2_32.dll
0x00007ffe5c480000 - 0x00007ffe5c4a7000 	C:\WINDOWS\SYSTEM32\WINMM.dll
0x00007ffe6ffe0000 - 0x00007ffe6ffea000 	C:\WINDOWS\SYSTEM32\VERSION.dll
0x00007ffe73560000 - 0x00007ffe73572000 	C:\WINDOWS\SYSTEM32\kernel.appcore.dll
0x00007ffe28e90000 - 0x00007ffe28ea1000 	C:\Program Files\Android\Android Studio1\jre\bin\verify.dll
0x00007ffe6ebd0000 - 0x00007ffe6edb4000 	C:\WINDOWS\SYSTEM32\DBGHELP.DLL
0x00007ffe6eb10000 - 0x00007ffe6eb45000 	C:\WINDOWS\SYSTEM32\dbgcore.DLL
0x00007ffe75d90000 - 0x00007ffe75e12000 	C:\WINDOWS\System32\bcryptPrimitives.dll
0x00007ffe28e60000 - 0x00007ffe28e89000 	C:\Program Files\Android\Android Studio1\jre\bin\java.dll
0x00007ffe28e50000 - 0x00007ffe28e5b000 	C:\Program Files\Android\Android Studio1\jre\bin\jimage.dll
0x00007ffe28fe0000 - 0x00007ffe28ff8000 	C:\Program Files\Android\Android Studio1\jre\bin\zip.dll

dbghelp: loaded successfully - version: 4.0.5 - missing functions: none
symbol engine: initialized successfully - sym options: 0x614 - pdb path: .;C:\Program Files\Android\Android Studio1\jre\bin;C:\WINDOWS\SYSTEM32;C:\Program Files\Avast Software\Avast;C:\WINDOWS\WinSxS\amd64_microsoft.windows.common-controls_6595b64144ccf1df_6.0.19041.1110_none_60b5254171f9507e;C:\Program Files\Android\Android Studio1\jre\bin\server

VM Arguments:
java_command: git4idea.http.GitAskPassApp Username for 'https://github.com': 
java_class_path (initial): C:/Program Files/Android/Android Studio1/plugins/git4idea/lib/git4idea-rt.jar;C:/Program Files/Android/Android Studio1/lib/xmlrpc-2.0.1.jar;C:/Program Files/Android/Android Studio1/lib/commons-codec-1.15.jar
Launcher Type: SUN_STANDARD

[Global flags]
     intx CICompilerCount                          = 3                                         {product} {ergonomic}
     uint ConcGCThreads                            = 1                                         {product} {ergonomic}
     uint G1ConcRefinementThreads                  = 4                                         {product} {ergonomic}
   size_t G1HeapRegionSize                         = 1048576                                   {product} {ergonomic}
    uintx GCDrainStackTargetSize                   = 64                                        {product} {ergonomic}
   size_t InitialHeapSize                          = 134217728                                 {product} {ergonomic}
   size_t MarkStackSize                            = 4194304                                   {product} {ergonomic}
   size_t MaxHeapSize                              = 2122317824                                {product} {ergonomic}
   size_t MinHeapDeltaBytes                        = 1048576                                   {product} {ergonomic}
    uintx NonNMethodCodeHeapSize                   = 5830732                                {pd product} {ergonomic}
    uintx NonProfiledCodeHeapSize                  = 122913754                              {pd product} {ergonomic}
    uintx ProfiledCodeHeapSize                     = 122913754                              {pd product} {ergonomic}
    uintx ReservedCodeCacheSize                    = 251658240                              {pd product} {ergonomic}
     bool SegmentedCodeCache                       = true                                      {product} {ergonomic}
     bool UseCompressedClassPointers               = true                                 {lp64_product} {ergonomic}
     bool UseCompressedOops                        = true                                 {lp64_product} {ergonomic}
     bool UseG1GC                                  = true                                      {product} {ergonomic}
     bool UseLargePagesIndividualAllocation        = false                                  {pd product} {ergonomic}

Logging:
Log output configuration:
 #0: stdout all=warning uptime,level,tags
 #1: stderr all=off uptime,level,tags

Environment Variables:
JAVA_HOME=C:\Program Files\Eclipse Foundation\jdk-11.0.12.7-hotspot\
PATH=C:/Program Files/Git/mingw64/libexec/git-core;C:/Program Files/Git/mingw64/libexec/git-core;C:\Program Files\Git\mingw64\bin;C:\Program Files\Git\usr\bin;C:\Users\hp\bin;C:\Program Files (x86)\Common Files\Oracle\Java\javapath;C:\ProgramData\Oracle\Java\javapath;C:\Program Files\Eclipse Foundation\jdk-11.0.12.7-hotspot\bin;C:\WINDOWS\system32;C:\WINDOWS;C:\WINDOWS\System32\Wbem;C:\WINDOWS\System32\WindowsPowerShell\v1.0\;C:\WINDOWS\System32\OpenSSH\;C:\Program Files\Microsoft SQL Server\Client SDK\ODBC\170\Tools\Binn\;C:\Program Files (x86)\Microsoft SQL Server\150\Tools\Binn\;C:\Program Files\Microsoft SQL Server\150\Tools\Binn\;C:\Program Files\Microsoft SQL Server\150\DTS\Binn\;C:\Program Files (x86)\Microsoft SQL Server\150\DTS\Binn\;C:\Program Files\Azure Data Studio\bin;C:\Program Files\Git\cmd;C:\Users\hp\AppData\Local\Microsoft\WindowsApps;C:\Program Files\Azure Data Studio\bin;C:\Users\hp\AppData\Local\Programs\Microsoft VS Code\bin
USERNAME=hp
DISPLAY=:0.0
LC_ALL=en_US.UTF-8
OS=Windows_NT
PROCESSOR_IDENTIFIER=Intel64 Family 6 Model 58 Stepping 9, GenuineIntel



---------------  S Y S T E M  ---------------

OS: Windows 10 , 64 bit Build 19041 (10.0.19041.2251)
OS uptime: 3 days 9:49 hours

CPU:total 4 (initial active 4) (2 cores per cpu, 2 threads per core) family 6 model 58 stepping 9 microcode 0x21, cmov, cx8, fxsr, mmx, sse, sse2, sse3, ssse3, sse4.1, sse4.2, popcnt, avx, clmul, erms, ht, tsc, tscinvbit, tscinv

Memory: 4k page, system-wide physical 8090M (827M free)
TotalPageFile size 12186M (AvailPageFile size 58M)
current process WorkingSet (physical memory assigned to process): 10M, peak: 10M
current process commit charge ("private bytes"): 51M, peak: 179M

vm_info: OpenJDK 64-Bit Server VM (11.0.12+7-b1504.28-7817840) for windows-amd64 JRE (11.0.12+7-b1504.28-7817840), built on Oct 13 2021 22:12:33 by "builder" with MS VC++ 14.0 (VS2015)

END.
